<?xml version="1.0" encoding="UTF-8"?>
<!-- Generated by org.testng.reporters.JUnitReportReporter -->
<testsuite hostname="DESKTOP-2G50FIL" failures="0" tests="1" name="runners.RerunRunner" time="97.160" errors="0" timestamp="2024-03-26T12:02:32 IST" skipped="0">
  <testcase classname="runners.RerunRunner" name="runScenario" time="97.160"/>
</testsuite> <!-- runners.RerunRunner -->
