<?xml version="1.0" encoding="UTF-8"?>
<!-- Generated by org.testng.reporters.JUnitReportReporter -->
<testsuite hostname="DESKTOP-2G50FIL" failures="0" tests="3" name="runners.GoogleSearhRunner" time="210.814" errors="0" timestamp="2024-03-22T11:55:26 IST" skipped="0">
  <testcase classname="runners.GoogleSearhRunner" name="runScenario" time="77.741"/>
  <testcase classname="runners.GoogleSearhRunner" name="runScenario" time="74.017"/>
  <testcase classname="runners.GoogleSearhRunner" name="runScenario" time="59.056"/>
</testsuite> <!-- runners.GoogleSearhRunner -->
