<?xml version="1.0" encoding="UTF-8"?>
<!-- Generated by org.testng.reporters.JUnitReportReporter -->
<testsuite hostname="DESKTOP-2G50FIL" failures="0" tests="4" name="runners.GoogleSearhRunner" time="212.481" errors="0" timestamp="2024-03-22T12:10:40 IST" skipped="0">
  <testcase classname="runners.GoogleSearhRunner" name="runScenario" time="33.446"/>
  <testcase classname="runners.GoogleSearhRunner" name="runScenario" time="64.849"/>
  <testcase classname="runners.GoogleSearhRunner" name="runScenario" time="46.995"/>
  <testcase classname="runners.GoogleSearhRunner" name="runScenario" time="67.191"/>
</testsuite> <!-- runners.GoogleSearhRunner -->
