<?xml version="1.0" encoding="UTF-8"?>
<!-- Generated by org.testng.reporters.JUnitReportReporter -->
<testsuite hostname="DESKTOP-2G50FIL" failures="0" tests="1" name="runners.GoogleSearhRunner" time="1.767" errors="0" timestamp="2024-03-22T10:25:53 IST" skipped="0">
  <testcase classname="runners.GoogleSearhRunner" name="runScenario" time="1.767"/>
</testsuite> <!-- runners.GoogleSearhRunner -->
