<?xml version="1.0" encoding="UTF-8"?>
<!-- Generated by org.testng.reporters.JUnitReportReporter -->
<testsuite hostname="DESKTOP-2G50FIL" failures="0" tests="2" name="runners.BackgroundScenario" time="2.322" errors="0" timestamp="2024-03-26T09:18:17 IST" skipped="0">
  <testcase classname="runners.BackgroundScenario" name="runScenario" time="1.809"/>
  <testcase classname="runners.BackgroundScenario" name="runScenario" time="0.513"/>
</testsuite> <!-- runners.BackgroundScenario -->
