<?xml version="1.0" encoding="UTF-8"?>
<!-- Generated by org.testng.reporters.JUnitReportReporter -->
<testsuite hostname="DESKTOP-2G50FIL" failures="0" tests="2" name="runners.GoogleSearhRunner" time="99.032" errors="0" timestamp="2024-03-26T10:29:26 IST" skipped="0">
  <testcase classname="runners.GoogleSearhRunner" name="runScenario" time="27.588"/>
  <testcase classname="runners.GoogleSearhRunner" name="runScenario" time="71.444"/>
</testsuite> <!-- runners.GoogleSearhRunner -->
