<?xml version="1.0" encoding="UTF-8"?>
<!-- Generated by org.testng.reporters.JUnitReportReporter -->
<testsuite hostname="DESKTOP-2G50FIL" failures="0" tests="2" name="runners.AddScenarioOutlineRunner" time="2.122" errors="0" timestamp="2024-03-22T12:33:00 IST" skipped="0">
  <testcase classname="runners.AddScenarioOutlineRunner" name="runScenario" time="0.501"/>
  <testcase classname="runners.AddScenarioOutlineRunner" name="runScenario" time="1.621"/>
</testsuite> <!-- runners.AddScenarioOutlineRunner -->
